<?xml version="1.0" encoding="UTF-8"?>
<testng-results skipped="0" failed="0" ignored="0" total="1" passed="1">
  <reporter-output>
  </reporter-output>
  <suite name="Suite" duration-ms="12805" started-at="2022-02-13T23:28:07 EST" finished-at="2022-02-13T23:28:20 EST">
    <groups>
      <group name="cucumber">
        <method signature="AbstractTestNGCucumberTests.feature(cucumber.api.testng.CucumberFeatureWrapper)[pri:0, instance:TestRunner.TestBase@4c6e276e]" name="feature" class="cucumber.api.testng.AbstractTestNGCucumberTests"/>
      </group> <!-- cucumber -->
    </groups>
    <test name="Test" duration-ms="12805" started-at="2022-02-13T23:28:07 EST" finished-at="2022-02-13T23:28:20 EST">
      <class name="TestRunner.TestBase">
        <test-method status="PASS" signature="setUpClass()[pri:0, instance:TestRunner.TestBase@4c6e276e]" name="setUpClass" is-config="true" duration-ms="336" started-at="2022-02-13T23:28:07 EST" finished-at="2022-02-13T23:28:07 EST">
          <reporter-output>
          </reporter-output>
        </test-method> <!-- setUpClass -->
        <test-method status="PASS" signature="setup()[pri:0, instance:TestRunner.TestBase@4c6e276e]" name="setup" is-config="true" duration-ms="228" started-at="2022-02-13T23:28:07 EST" finished-at="2022-02-13T23:28:08 EST">
          <reporter-output>
          </reporter-output>
        </test-method> <!-- setup -->
        <test-method status="PASS" signature="feature(cucumber.api.testng.CucumberFeatureWrapper)[pri:0, instance:TestRunner.TestBase@4c6e276e]" name="feature" duration-ms="12074" started-at="2022-02-13T23:28:08 EST" description="Runs Cucumber Feature" data-provider="features" finished-at="2022-02-13T23:28:20 EST">
          <params>
            <param index="0">
              <value>
                <![CDATA[Radio button]]>
              </value>
            </param>
          </params>
          <reporter-output>
          </reporter-output>
        </test-method> <!-- feature -->
        <test-method status="PASS" signature="tearDownClass()[pri:0, instance:TestRunner.TestBase@4c6e276e]" name="tearDownClass" is-config="true" duration-ms="32" started-at="2022-02-13T23:28:20 EST" finished-at="2022-02-13T23:28:20 EST">
          <reporter-output>
          </reporter-output>
        </test-method> <!-- tearDownClass -->
      </class> <!-- TestRunner.TestBase -->
    </test> <!-- Test -->
  </suite> <!-- Suite -->
</testng-results>
